<?xml version="1.0" encoding="UTF-8"?>
<testsuite name="io.grpc.examples.helloworld.HelloWorldClientTest" tests="1" skipped="0" failures="0" errors="0" timestamp="2021-05-31T15:31:46" hostname="probook" time="0.3">
  <properties/>
  <testcase name="greet_messageDeliveredToServer" classname="io.grpc.examples.helloworld.HelloWorldClientTest" time="0.3"/>
  <system-out><![CDATA[]]></system-out>
  <system-err><![CDATA[maj 31, 2021 5:31:46 PM io.grpc.examples.helloworld.HelloWorldClient greet
INFO: Will try to greet test name ...
maj 31, 2021 5:31:47 PM io.grpc.examples.helloworld.HelloWorldClient greet
WARNING: RPC failed: Status{code=UNIMPLEMENTED, description=Method helloworld.Greeter/SayHello is unimplemented, cause=null}
]]></system-err>
</testsuite>
